<?xml version="1.0" encoding="utf-8"?><testsuites><testsuite name="pytest" errors="0" failures="0" skipped="0" tests="16" time="11.209" timestamp="2024-07-25T11:11:25.610168" hostname="DESKTOP"><testcase classname="test.api.test_fake_rest_api_activities.TestFakeRestAPIActivities" name="test_delete_activity" time="1.027" /><testcase classname="test.api.test_fake_rest_api_activities.TestFakeRestAPIActivities" name="test_get_activity_by_id" time="0.508" /><testcase classname="test.api.test_fake_rest_api_activities.TestFakeRestAPIActivities" name="test_get_all_activities" time="0.481" /><testcase classname="test.api.test_fake_rest_api_activities.TestFakeRestAPIActivities" name="test_post_activity_with_invalid_data" time="0.542" /><testcase classname="test.api.test_fake_rest_api_activities.TestFakeRestAPIActivities" name="test_post_activity_with_valid_data" time="0.506" /><testcase classname="test.api.test_fake_rest_api_activities.TestFakeRestAPIActivities" name="test_update_activity_by_id" time="0.491" /><testcase classname="test.api.test_fake_rest_api_authors.TestFakeRestAPIAuthor" name="test_delete_author" time="1.274" /><testcase classname="test.api.test_fake_rest_api_authors.TestFakeRestAPIAuthor" name="test_get_all_authors" time="0.569" /><testcase classname="test.api.test_fake_rest_api_authors.TestFakeRestAPIAuthor" name="test_get_author_by_id" time="0.480" /><testcase classname="test.api.test_fake_rest_api_authors.TestFakeRestAPIAuthor" name="test_post_valid_author" time="0.443" /><testcase classname="test.api.test_fake_rest_api_authors.TestFakeRestAPIAuthor" name="test_update_author_by_id" time="0.477" /><testcase classname="test.api.test_fake_rest_api_books.TestFakeRestAPIBooks" name="test_delete_book" time="1.277" /><testcase classname="test.api.test_fake_rest_api_books.TestFakeRestAPIBooks" name="test_get_all_books" time="0.693" /><testcase classname="test.api.test_fake_rest_api_books.TestFakeRestAPIBooks" name="test_get_book_by_id" time="0.460" /><testcase classname="test.api.test_fake_rest_api_books.TestFakeRestAPIBooks" name="test_post_book" time="0.476" /><testcase classname="test.api.test_fake_rest_api_books.TestFakeRestAPIBooks" name="test_update_book_by_id" time="0.489" /></testsuite></testsuites>